/home/caesar/Bootloader/libopencm3/lib/stm32/common/st_usbfs_core.c:46: warning: The following parameters of st_usbfs_set_ep_rx_bufsize(usbd_device *dev, uint8_t ep, uint32_t size) are not documented:
  parameter 'dev'
/home/caesar/Bootloader/libopencm3/lib/stm32/common/rcc_common_all.c:237: warning: unable to resolve reference to `rcc_backupdomain_reset' for \ref command
/home/caesar/Bootloader/libopencm3/lib/stm32/l0/rcc.c:106: warning: explicit link request to 'osc_t' could not be resolved
/home/caesar/Bootloader/libopencm3/lib/stm32/l0/rcc.c:170: warning: explicit link request to 'osc_t' could not be resolved
/home/caesar/Bootloader/libopencm3/lib/stm32/l0/rcc.c:138: warning: explicit link request to 'osc_t' could not be resolved
/home/caesar/Bootloader/libopencm3/lib/stm32/l0/rcc.c:202: warning: explicit link request to 'osc_t' could not be resolved
/home/caesar/Bootloader/libopencm3/lib/stm32/common/rcc_common_all.c:99: warning: unable to resolve reference to `rcc_ahbrstr_rst' for \ref command
/home/caesar/Bootloader/libopencm3/lib/stm32/common/rcc_common_all.c:100: warning: unable to resolve reference to `rcc_apb1rstr_rst' for \ref command
/home/caesar/Bootloader/libopencm3/lib/stm32/common/rcc_common_all.c:101: warning: unable to resolve reference to `rcc_apb2rstr_rst' for \ref command
/home/caesar/Bootloader/libopencm3/lib/stm32/common/rcc_common_all.c:78: warning: unable to resolve reference to `rcc_ahbrstr_rst' for \ref command
/home/caesar/Bootloader/libopencm3/lib/stm32/common/rcc_common_all.c:79: warning: unable to resolve reference to `rcc_apb1rstr_rst' for \ref command
/home/caesar/Bootloader/libopencm3/lib/stm32/common/rcc_common_all.c:80: warning: unable to resolve reference to `rcc_apb2rstr_rst' for \ref command
/home/caesar/Bootloader/libopencm3/lib/stm32/l0/rcc.c:385: warning: unable to resolve reference to `rcc_cfgr_ahbpre' for \ref command
/home/caesar/Bootloader/libopencm3/lib/stm32/l0/rcc.c:327: warning: argument 'mul' of command @param is not found in the argument list of rcc_set_pll_divider(uint32_t factor)
/home/caesar/Bootloader/libopencm3/lib/stm32/l0/rcc.c:329: warning: unable to resolve reference to `rcc_cfgr_pdf' for \ref command
/home/caesar/Bootloader/libopencm3/include/libopencm3/stm32/l0/rcc.h:689: warning: The following parameters of rcc_set_pll_divider(uint32_t factor) are not documented:
  parameter 'factor'
/home/caesar/Bootloader/libopencm3/lib/stm32/l0/rcc.c:311: warning: argument 'mul' of command @param is not found in the argument list of rcc_set_pll_multiplier(uint32_t factor)
/home/caesar/Bootloader/libopencm3/lib/stm32/l0/rcc.c:313: warning: unable to resolve reference to `rcc_cfgr_pmf' for \ref command
/home/caesar/Bootloader/libopencm3/include/libopencm3/stm32/l0/rcc.h:688: warning: The following parameters of rcc_set_pll_multiplier(uint32_t factor) are not documented:
  parameter 'factor'
/home/caesar/Bootloader/libopencm3/lib/stm32/l0/rcc.c:355: warning: argument 'ppre1' of command @param is not found in the argument list of rcc_set_ppre1(uint32_t ppre)
/home/caesar/Bootloader/libopencm3/lib/stm32/l0/rcc.c:357: warning: unable to resolve reference to `rcc_cfgr_apb1pre' for \ref command
/home/caesar/Bootloader/libopencm3/include/libopencm3/stm32/l0/rcc.h:692: warning: The following parameters of rcc_set_ppre1(uint32_t ppre) are not documented:
  parameter 'ppre'
/home/caesar/Bootloader/libopencm3/lib/stm32/l0/rcc.c:370: warning: argument 'ppre1' of command @param is not found in the argument list of rcc_set_ppre2(uint32_t ppre)
/home/caesar/Bootloader/libopencm3/lib/stm32/l0/rcc.c:372: warning: unable to resolve reference to `rcc_cfgr_apb2pre' for \ref command
/home/caesar/Bootloader/libopencm3/include/libopencm3/stm32/l0/rcc.h:691: warning: The following parameters of rcc_set_ppre2(uint32_t ppre) are not documented:
  parameter 'ppre'
/home/caesar/Bootloader/libopencm3/lib/stm32/l0/rcc.c:282: warning: explicit link request to 'osc_t' could not be resolved
/home/caesar/Bootloader/libopencm3/lib/stm32/common/usart_common_v2.c:296: warning: unable to resolve reference to `usart_sr_flags' for \ref command
/home/caesar/Bootloader/libopencm3/lib/stm32/common/adc_common_v2.c:210: warning: unable to resolve reference to `adc_api_res' for \ref command
/home/caesar/Bootloader/libopencm3/lib/cm3/nvic.c:107: warning: unable to resolve reference to `nvic_stm32f1_userint' for \ref command
/home/caesar/Bootloader/libopencm3/lib/cm3/nvic.c:65: warning: unable to resolve reference to `nvic_stm32f1_userint' for \ref command
/home/caesar/Bootloader/libopencm3/lib/cm3/nvic.c:52: warning: unable to resolve reference to `nvic_stm32f1_userint' for \ref command
/home/caesar/Bootloader/libopencm3/lib/cm3/nvic.c:120: warning: unable to resolve reference to `nvic_stm32f1_userint' for \ref command
/home/caesar/Bootloader/libopencm3/lib/cm3/nvic.c:78: warning: unable to resolve reference to `nvic_stm32f1_userint' for \ref command
/home/caesar/Bootloader/libopencm3/lib/cm3/nvic.c:93: warning: unable to resolve reference to `nvic_stm32f1_userint' for \ref command
/home/caesar/Bootloader/libopencm3/lib/cm3/nvic.c:138: warning: unable to resolve reference to `scb_set_priority_grouping' for \ref command
/home/caesar/Bootloader/libopencm3/lib/cm3/nvic.c:145: warning: unable to resolve reference to `nvic_stm32f1_userint' for \ref command
/home/caesar/Bootloader/libopencm3/lib/cm3/systick.c:51: warning: Found unknown command `\seealso'
/home/caesar/Bootloader/libopencm3/include/libopencm3/usb/usbd.h:195: warning: The following parameters of usbd_ep_nak_set(usbd_device *usbd_dev, uint8_t addr, uint8_t nak) are not documented:
  parameter 'usbd_dev'
/home/caesar/Bootloader/libopencm3/include/libopencm3/usb/usbd.h:176: warning: The following parameters of usbd_ep_read_packet(usbd_device *usbd_dev, uint8_t addr, void *buf, uint16_t len) are not documented:
  parameter 'usbd_dev'
  parameter 'buf'
/home/caesar/Bootloader/libopencm3/include/libopencm3/usb/usbd.h:160: warning: The following parameters of usbd_ep_setup(usbd_device *usbd_dev, uint8_t addr, uint8_t type, uint16_t max_size, usbd_endpoint_callback callback) are not documented:
  parameter 'usbd_dev'
  parameter 'max_size'
  parameter 'callback'
/home/caesar/Bootloader/libopencm3/include/libopencm3/usb/usbd.h:189: warning: The following parameters of usbd_ep_stall_get(usbd_device *usbd_dev, uint8_t addr) are not documented:
  parameter 'usbd_dev'
/home/caesar/Bootloader/libopencm3/include/libopencm3/usb/usbd.h:182: warning: The following parameters of usbd_ep_stall_set(usbd_device *usbd_dev, uint8_t addr, uint8_t stall) are not documented:
  parameter 'usbd_dev'
/home/caesar/Bootloader/libopencm3/include/libopencm3/usb/usbd.h:168: warning: The following parameters of usbd_ep_write_packet(usbd_device *usbd_dev, uint8_t addr, const void *buf, uint16_t len) are not documented:
  parameter 'usbd_dev'
  parameter 'buf'
/home/caesar/Bootloader/libopencm3/include/libopencm3/usb/usbd.h:87: warning: The following parameters of usbd_init(const usbd_driver *driver, const struct usb_device_descriptor *dev, const struct usb_config_descriptor *conf, const char **strings, int num_strings, uint8_t *control_buffer, uint16_t control_buffer_size) are not documented:
  parameter 'num_strings'
/home/caesar/Bootloader/libopencm3/include/libopencm3/usb/usbd.h:136: warning: The following parameters of usbd_register_control_callback(usbd_device *usbd_dev, uint8_t type, uint8_t type_mask, usbd_control_callback callback) are not documented:
  parameter 'usbd_dev'
  parameter 'callback'
/home/caesar/Bootloader/libopencm3/lib/cm3/nvic.c:107: warning: unable to resolve reference to `nvic_stm32f1_userint' for \ref command
/home/caesar/Bootloader/libopencm3/lib/cm3/nvic.c:65: warning: unable to resolve reference to `nvic_stm32f1_userint' for \ref command
/home/caesar/Bootloader/libopencm3/lib/cm3/nvic.c:52: warning: unable to resolve reference to `nvic_stm32f1_userint' for \ref command
/home/caesar/Bootloader/libopencm3/lib/cm3/nvic.c:120: warning: unable to resolve reference to `nvic_stm32f1_userint' for \ref command
/home/caesar/Bootloader/libopencm3/lib/cm3/nvic.c:78: warning: unable to resolve reference to `nvic_stm32f1_userint' for \ref command
/home/caesar/Bootloader/libopencm3/lib/cm3/nvic.c:93: warning: unable to resolve reference to `nvic_stm32f1_userint' for \ref command
/home/caesar/Bootloader/libopencm3/lib/cm3/nvic.c:138: warning: unable to resolve reference to `scb_set_priority_grouping' for \ref command
/home/caesar/Bootloader/libopencm3/lib/cm3/nvic.c:145: warning: unable to resolve reference to `nvic_stm32f1_userint' for \ref command
/home/caesar/Bootloader/libopencm3/lib/cm3/systick.c:51: warning: Found unknown command `\seealso'
/home/caesar/Bootloader/libopencm3/lib/stm32/l0/rcc.c:106: warning: explicit link request to 'osc_t' could not be resolved
/home/caesar/Bootloader/libopencm3/lib/stm32/l0/rcc.c:170: warning: explicit link request to 'osc_t' could not be resolved
/home/caesar/Bootloader/libopencm3/lib/stm32/l0/rcc.c:138: warning: explicit link request to 'osc_t' could not be resolved
/home/caesar/Bootloader/libopencm3/lib/stm32/l0/rcc.c:202: warning: explicit link request to 'osc_t' could not be resolved
/home/caesar/Bootloader/libopencm3/lib/stm32/l0/rcc.c:385: warning: unable to resolve reference to `rcc_cfgr_ahbpre' for \ref command
/home/caesar/Bootloader/libopencm3/lib/stm32/l0/rcc.c:327: warning: argument 'mul' of command @param is not found in the argument list of rcc_set_pll_divider(uint32_t factor)
/home/caesar/Bootloader/libopencm3/lib/stm32/l0/rcc.c:329: warning: unable to resolve reference to `rcc_cfgr_pdf' for \ref command
/home/caesar/Bootloader/libopencm3/lib/stm32/l0/rcc.c:332: warning: The following parameters of rcc_set_pll_divider(uint32_t factor) are not documented:
  parameter 'factor'
/home/caesar/Bootloader/libopencm3/lib/stm32/l0/rcc.c:311: warning: argument 'mul' of command @param is not found in the argument list of rcc_set_pll_multiplier(uint32_t factor)
/home/caesar/Bootloader/libopencm3/lib/stm32/l0/rcc.c:313: warning: unable to resolve reference to `rcc_cfgr_pmf' for \ref command
/home/caesar/Bootloader/libopencm3/lib/stm32/l0/rcc.c:316: warning: The following parameters of rcc_set_pll_multiplier(uint32_t factor) are not documented:
  parameter 'factor'
/home/caesar/Bootloader/libopencm3/lib/stm32/l0/rcc.c:355: warning: argument 'ppre1' of command @param is not found in the argument list of rcc_set_ppre1(uint32_t ppre)
/home/caesar/Bootloader/libopencm3/lib/stm32/l0/rcc.c:357: warning: unable to resolve reference to `rcc_cfgr_apb1pre' for \ref command
/home/caesar/Bootloader/libopencm3/lib/stm32/l0/rcc.c:360: warning: The following parameters of rcc_set_ppre1(uint32_t ppre) are not documented:
  parameter 'ppre'
/home/caesar/Bootloader/libopencm3/lib/stm32/l0/rcc.c:370: warning: argument 'ppre1' of command @param is not found in the argument list of rcc_set_ppre2(uint32_t ppre)
/home/caesar/Bootloader/libopencm3/lib/stm32/l0/rcc.c:372: warning: unable to resolve reference to `rcc_cfgr_apb2pre' for \ref command
/home/caesar/Bootloader/libopencm3/lib/stm32/l0/rcc.c:375: warning: The following parameters of rcc_set_ppre2(uint32_t ppre) are not documented:
  parameter 'ppre'
/home/caesar/Bootloader/libopencm3/lib/stm32/l0/rcc.c:282: warning: explicit link request to 'osc_t' could not be resolved
/home/caesar/Bootloader/libopencm3/lib/usb/usb.c:151: warning: The following parameters of usbd_ep_nak_set(usbd_device *usbd_dev, uint8_t addr, uint8_t nak) are not documented:
  parameter 'usbd_dev'
/home/caesar/Bootloader/libopencm3/lib/usb/usb.c:135: warning: The following parameters of usbd_ep_read_packet(usbd_device *usbd_dev, uint8_t addr, void *buf, uint16_t len) are not documented:
  parameter 'usbd_dev'
  parameter 'buf'
/home/caesar/Bootloader/libopencm3/lib/usb/usb.c:123: warning: The following parameters of usbd_ep_setup(usbd_device *usbd_dev, uint8_t addr, uint8_t type, uint16_t max_size, usbd_endpoint_callback callback) are not documented:
  parameter 'usbd_dev'
  parameter 'max_size'
  parameter 'callback'
/home/caesar/Bootloader/libopencm3/lib/usb/usb.c:146: warning: The following parameters of usbd_ep_stall_get(usbd_device *usbd_dev, uint8_t addr) are not documented:
  parameter 'usbd_dev'
/home/caesar/Bootloader/libopencm3/lib/usb/usb.c:141: warning: The following parameters of usbd_ep_stall_set(usbd_device *usbd_dev, uint8_t addr, uint8_t stall) are not documented:
  parameter 'usbd_dev'
/home/caesar/Bootloader/libopencm3/lib/usb/usb.c:129: warning: The following parameters of usbd_ep_write_packet(usbd_device *usbd_dev, uint8_t addr, const void *buf, uint16_t len) are not documented:
  parameter 'usbd_dev'
  parameter 'buf'
/home/caesar/Bootloader/libopencm3/lib/usb/usb.c:42: warning: The following parameters of usbd_init(const usbd_driver *driver, const struct usb_device_descriptor *dev, const struct usb_config_descriptor *conf, const char **strings, int num_strings, uint8_t *control_buffer, uint16_t control_buffer_size) are not documented:
  parameter 'num_strings'
/home/caesar/Bootloader/libopencm3/lib/usb/usb_control.c:73: warning: The following parameters of usbd_register_control_callback(usbd_device *usbd_dev, uint8_t type, uint8_t type_mask, usbd_control_callback callback) are not documented:
  parameter 'usbd_dev'
  parameter 'callback'
/home/caesar/Bootloader/libopencm3/lib/stm32/common/rng_common_v1.c:45: warning: argument 'pointer' of command @param is not found in the argument list of rng_get_random(uint32_t *rand_nr)
/home/caesar/Bootloader/libopencm3/include/libopencm3/stm32/common/rng_common_v1.h:78: warning: The following parameters of rng_get_random(uint32_t *rand_nr) are not documented:
  parameter 'rand_nr'
/home/caesar/Bootloader/libopencm3/lib/stm32/common/adc_common_v2.c:210: warning: unable to resolve reference to `adc_api_res' for \ref command
/home/caesar/Bootloader/libopencm3/lib/stm32/common/usart_common_v2.c:202: warning: unable to resolve reference to `usart_isr' for \ref command
/home/caesar/Bootloader/libopencm3/lib/stm32/common/usart_common_v2.c:296: warning: unable to resolve reference to `usart_sr_flags' for \ref command
/home/caesar/Bootloader/libopencm3/lib/stm32/common/usart_common_v2.c:154: warning: unable to resolve reference to `usart_isr_rtof' for \ref command
