/home/caesar/Bootloader/libopencm3/include/libopencm3/vf6xx/uart.h:183: warning: end of file while inside a group

/home/caesar/Bootloader/libopencm3/include/libopencm3/vf6xx/iomuxc.h:257: warning: end of file while inside a group

/home/caesar/Bootloader/libopencm3/include/libopencm3/vf6xx/gpio.h:81: warning: end of file while inside a group

/home/caesar/Bootloader/libopencm3/lib/vf6xx/iomuxc.c:5: warning: multiple use of section label 'vf6xx_gpio_api_ex' while adding section, (first occurrence: /home/caesar/Bootloader/libopencm3/lib/vf6xx/gpio.c, line 5)
/home/caesar/Bootloader/libopencm3/lib/vf6xx/uart.c:92: warning: unable to resolve reference to `uart_cr3_flowcontrol' for \ref command
/home/caesar/Bootloader/libopencm3/lib/vf6xx/iomuxc.c:44: warning: argument 'gpio' of command @param is not found in the argument list of iomuxc_mux(enum vf6xx_pad pad, uint32_t muxc)
/home/caesar/Bootloader/libopencm3/include/libopencm3/vf6xx/iomuxc.h:252: warning: The following parameters of iomuxc_mux(enum vf6xx_pad pad, uint32_t muxc) are not documented:
  parameter 'pad'
  parameter 'muxc'
/home/caesar/Bootloader/libopencm3/lib/vf6xx/gpio.c:116: warning: argument 'gpio' of command @param is not found in the argument list of gpio_port_write(uint32_t gpioport, uint32_t data)
/home/caesar/Bootloader/libopencm3/include/libopencm3/vf6xx/gpio.h:76: warning: The following parameters of gpio_port_write(uint32_t gpioport, uint32_t data) are not documented:
  parameter 'data'
/home/caesar/Bootloader/libopencm3/lib/cm3/nvic.c:107: warning: unable to resolve reference to `nvic_stm32f1_userint' for \ref command
/home/caesar/Bootloader/libopencm3/lib/cm3/nvic.c:65: warning: unable to resolve reference to `nvic_stm32f1_userint' for \ref command
/home/caesar/Bootloader/libopencm3/lib/cm3/nvic.c:52: warning: unable to resolve reference to `nvic_stm32f1_userint' for \ref command
/home/caesar/Bootloader/libopencm3/lib/cm3/nvic.c:120: warning: unable to resolve reference to `nvic_stm32f1_userint' for \ref command
/home/caesar/Bootloader/libopencm3/lib/cm3/nvic.c:78: warning: unable to resolve reference to `nvic_stm32f1_userint' for \ref command
/home/caesar/Bootloader/libopencm3/lib/cm3/nvic.c:93: warning: unable to resolve reference to `nvic_stm32f1_userint' for \ref command
/home/caesar/Bootloader/libopencm3/lib/cm3/nvic.c:138: warning: unable to resolve reference to `scb_set_priority_grouping' for \ref command
/home/caesar/Bootloader/libopencm3/lib/cm3/nvic.c:145: warning: unable to resolve reference to `nvic_stm32f1_userint' for \ref command
/home/caesar/Bootloader/libopencm3/lib/cm3/systick.c:51: warning: Found unknown command `\seealso'
/home/caesar/Bootloader/libopencm3/lib/cm3/nvic.c:107: warning: unable to resolve reference to `nvic_stm32f1_userint' for \ref command
/home/caesar/Bootloader/libopencm3/lib/cm3/nvic.c:65: warning: unable to resolve reference to `nvic_stm32f1_userint' for \ref command
/home/caesar/Bootloader/libopencm3/lib/cm3/nvic.c:52: warning: unable to resolve reference to `nvic_stm32f1_userint' for \ref command
/home/caesar/Bootloader/libopencm3/lib/cm3/nvic.c:120: warning: unable to resolve reference to `nvic_stm32f1_userint' for \ref command
/home/caesar/Bootloader/libopencm3/lib/cm3/nvic.c:78: warning: unable to resolve reference to `nvic_stm32f1_userint' for \ref command
/home/caesar/Bootloader/libopencm3/lib/cm3/nvic.c:93: warning: unable to resolve reference to `nvic_stm32f1_userint' for \ref command
/home/caesar/Bootloader/libopencm3/lib/cm3/nvic.c:138: warning: unable to resolve reference to `scb_set_priority_grouping' for \ref command
/home/caesar/Bootloader/libopencm3/lib/cm3/nvic.c:145: warning: unable to resolve reference to `nvic_stm32f1_userint' for \ref command
/home/caesar/Bootloader/libopencm3/lib/cm3/systick.c:51: warning: Found unknown command `\seealso'
/home/caesar/Bootloader/libopencm3/lib/vf6xx/gpio.c:116: warning: argument 'gpio' of command @param is not found in the argument list of gpio_port_write(uint32_t gpioport, uint32_t data)
/home/caesar/Bootloader/libopencm3/lib/vf6xx/gpio.c:125: warning: The following parameters of gpio_port_write(uint32_t gpioport, uint32_t data) are not documented:
  parameter 'data'
/home/caesar/Bootloader/libopencm3/lib/vf6xx/iomuxc.c:44: warning: argument 'gpio' of command @param is not found in the argument list of iomuxc_mux(enum vf6xx_pad pad, uint32_t muxc)
/home/caesar/Bootloader/libopencm3/lib/vf6xx/iomuxc.c:51: warning: The following parameters of iomuxc_mux(enum vf6xx_pad pad, uint32_t muxc) are not documented:
  parameter 'pad'
  parameter 'muxc'
/home/caesar/Bootloader/libopencm3/lib/vf6xx/uart.c:92: warning: unable to resolve reference to `uart_cr3_flowcontrol' for \ref command
