Waf: Entering directory `/home/caesar/xxdk/ardupilot/build/Durandal'
Checking for env.py
env added HAL_NUM_CAN_IFACES=2
env added BOARD_FLASH_SIZE=2048
env added PROCESS_STACK=0x1C00
env added APJ_BOARD_TYPE=STM32H743xx
env added OPTIMIZE=-O2
env added USBID=0x3162/0x004b
env added MAIN_STACK=0x600
env added APJ_BOARD_ID=139
env added CORTEX=cortex-m7
env added FLASH_TOTAL=1966080
env added FLASH_RESERVE_START_KB=128
env added CHIBIOS_BUILD_FLAGS=USE_FATFS=yes MCU=cortex-m7 ENV_UDEFS=-DCHPRINTF_USE_FLOAT=1 CHIBIOS_PLATFORM_MK=os/hal/ports/STM32/STM32H7xx/platform.mk CHIBIOS_STARTUP_MK=os/common/startup/ARMCMx/compilers/GCC/mk/startup_stm32h7xx.mk
env added IOMCU_FW=0
env appended CPU_FLAGS=['-mcpu=cortex-m7', '-mfpu=fpv5-d16', '-mfloat-abi=hard', '-DARM_MATH_CM7', '-u_printf_float']
env added PERIPH_FW=0
env added WITH_FATFS=1
Padded 20 bytes for bootloader.bin to 17472
Embedding file bootloader.bin:/home/caesar/xxdk/ardupilot/Tools/bootloaders/Durandal_bl.bin
Embedding file hwdef.dat:/home/caesar/xxdk/ardupilot/build/Durandal/hw.dat
Embedding file io_firmware.bin:Tools/IO_Firmware/iofirmware_lowpolh.bin
[ 3/10] Creating build/Durandal/hwdef.h
[ 4/10] Creating build/Durandal/modules/ChibiOS/include_dirs
[ 5/10] Compiling libraries/AP_Scripting/generator/src/main.c
Adding environment OPTIMIZE -O2
Setup for MCU STM32H743xx
Writing hwdef setup in /home/caesar/xxdk/ardupilot/build/Durandal/hwdef.h
MCU Flags: cortex-m7 ['-mcpu=cortex-m7', '-mfpu=fpv5-d16', '-mfloat-abi=hard']
Writing DMA map
Generating ldscript.ld
No default parameter file found

[ 6/10] Processing modules/mavlink/message_definitions/v1.0/ardupilotmega.xml
[ 7/10] Processing uavcangen: libraries/AP_UAVCAN/dsdl/ardupilot libraries/AP_UAVCAN/dsdl/com modules/uavcan/dsdl/uavcan
[ 8/10] Creating build/Durandal/ap_version.h
Validation skipped for /home/caesar/xxdk/ardupilot/modules/mavlink/message_definitions/v1.0/ardupilotmega.xml.
Parsing /home/caesar/xxdk/ardupilot/modules/mavlink/message_definitions/v1.0/ardupilotmega.xml
Validation skipped for /home/caesar/xxdk/ardupilot/modules/mavlink/message_definitions/v1.0/common.xml.
Parsing /home/caesar/xxdk/ardupilot/modules/mavlink/message_definitions/v1.0/common.xml
Validation skipped for /home/caesar/xxdk/ardupilot/modules/mavlink/message_definitions/v1.0/uAvionix.xml.
Parsing /home/caesar/xxdk/ardupilot/modules/mavlink/message_definitions/v1.0/uAvionix.xml
Validation skipped for /home/caesar/xxdk/ardupilot/modules/mavlink/message_definitions/v1.0/icarous.xml.
Parsing /home/caesar/xxdk/ardupilot/modules/mavlink/message_definitions/v1.0/icarous.xml
Validation skipped for /home/caesar/xxdk/ardupilot/modules/mavlink/message_definitions/v1.0/minimal.xml.
Parsing /home/caesar/xxdk/ardupilot/modules/mavlink/message_definitions/v1.0/minimal.xml
Merged enum MAV_CMD
Note: An enum value was auto-generated: MAV_STATE_BOOT = 1
Note: An enum value was auto-generated: MAV_STATE_CALIBRATING = 2
Note: An enum value was auto-generated: MAV_STATE_STANDBY = 3
Note: An enum value was auto-generated: MAV_STATE_ACTIVE = 4
Note: An enum value was auto-generated: MAV_STATE_CRITICAL = 5
Note: An enum value was auto-generated: MAV_STATE_EMERGENCY = 6
Note: An enum value was auto-generated: MAV_STATE_POWEROFF = 7
Note: An enum value was auto-generated: MAV_STATE_FLIGHT_TERMINATION = 8
Found 234 MAVLink message types in 5 XML files
Generating C implementation in directory /home/caesar/xxdk/ardupilot/build/Durandal/libraries/GCS_MAVLink/include/mavlink/v2.0/ardupilotmega
[ 9/10] Linking build/Durandal/modules/ChibiOS/libch.a
[10/10] Processing /home/caesar/xxdk/ardupilot/build/Durandal/libraries/AP_Scripting/lua_generated_bindings.cpp,/home/caesar/xxdk/ardupilot/build/Durandal/libraries/AP_Scripting/lua_generated_bindings.h: libraries/AP_Scripting/generator/description/bindings.desc build/Durandal/gen-bindings -> build/Durandal/libraries/AP_Scripting/lua_generated_bindings.cpp build/Durandal/libraries/AP_Scripting/lua_generated_bindings.h
Generating C implementation in directory /home/caesar/xxdk/ardupilot/build/Durandal/libraries/GCS_MAVLink/include/mavlink/v2.0/common
Generating C implementation in directory /home/caesar/xxdk/ardupilot/build/Durandal/libraries/GCS_MAVLink/include/mavlink/v2.0/uAvionix
Generating C implementation in directory /home/caesar/xxdk/ardupilot/build/Durandal/libraries/GCS_MAVLink/include/mavlink/v2.0/icarous
Generating C implementation in directory /home/caesar/xxdk/ardupilot/build/Durandal/libraries/GCS_MAVLink/include/mavlink/v2.0/minimal
Copying fixed headers for protocol 2.0 to /home/caesar/xxdk/ardupilot/build/Durandal/libraries/GCS_MAVLink/include/mavlink/v2.0
[1/99] ChibiOS: Compiling crt0_v7m.S
[2/99] ChibiOS: Compiling vectors.S
[3/99] ChibiOS: Compiling chcoreasm_v7m.S
[4/99] ChibiOS: Compiling ff.c
[5/99] ChibiOS: Compiling ffunicode.c
[6/99] ChibiOS: Compiling chcore.c
[7/99] ChibiOS: Compiling chcore_v7m.c
[8/99] ChibiOS: Compiling crt1.c
[9/99] ChibiOS: Compiling chprintf.c
[10/99] ChibiOS: Compiling memstreams.c
[11/99] ChibiOS: Compiling nullstreams.c
[12/99] ChibiOS: Compiling osal.c
[13/99] ChibiOS: Compiling hal_adc_lld.c
[14/99] ChibiOS: Compiling stm32_bdma.c
[15/99] ChibiOS: Compiling hal_crypto_lld.c
[16/99] ChibiOS: Compiling hal_dac_lld.c
[17/99] ChibiOS: Compiling stm32_dma.c
[18/99] ChibiOS: Compiling hal_pal_lld.c
[19/99] ChibiOS: Compiling hal_i2c_lld.c
[20/99] ChibiOS: Compiling hal_usb_lld.c
[21/99] ChibiOS: Compiling hal_rtc_lld.c
[22/99] ChibiOS: Compiling hal_sdc_lld.c
[23/99] ChibiOS: Compiling hal_spi_lld.c
[24/99] ChibiOS: Compiling hal_eicu_lld.c
[25/99] ChibiOS: Compiling hal_gpt_lld.c
[26/99] ChibiOS: Compiling hal_icu_lld.c
[27/99] ChibiOS: Compiling hal_pwm_lld.c
[28/99] ChibiOS: Compiling hal_st_lld.c
[29/99] ChibiOS: Compiling hal_serial_lld.c
[30/99] ChibiOS: Compiling hal_uart_lld.c
[31/99] ChibiOS: Compiling hal_wdg_lld.c
[32/99] ChibiOS: Compiling hal_lld.c
[33/99] ChibiOS: Compiling stm32_isr.c
[34/99] ChibiOS: Compiling nvic.c
[35/99] ChibiOS: Compiling hal.c
[36/99] ChibiOS: Compiling hal_adc.c
[37/99] ChibiOS: Compiling hal_buffers.c
[38/99] ChibiOS: Compiling hal_can.c
[39/99] ChibiOS: Compiling hal_crypto.c
[40/99] ChibiOS: Compiling hal_dac.c
[41/99] ChibiOS: Compiling hal_eicu.c
[42/99] ChibiOS: Compiling hal_gpt.c
[43/99] ChibiOS: Compiling hal_i2c.c
[44/99] ChibiOS: Compiling hal_i2s.c
[45/99] ChibiOS: Compiling hal_icu.c
[46/99] ChibiOS: Compiling hal_mac.c
[47/99] ChibiOS: Compiling hal_mmc_spi.c
[48/99] ChibiOS: Compiling hal_mmcsd.c
[49/99] ChibiOS: Compiling hal_pal.c
[50/99] ChibiOS: Compiling hal_pwm.c
[51/99] ChibiOS: Compiling hal_queues.c
[52/99] ChibiOS: Compiling hal_rtc.c
[53/99] ChibiOS: Compiling hal_sdc.c
[54/99] ChibiOS: Compiling hal_serial.c
[55/99] ChibiOS: Compiling hal_serial_usb.c
[56/99] ChibiOS: Compiling hal_sio.c
[57/99] ChibiOS: Compiling hal_spi.c
[58/99] ChibiOS: Compiling hal_st.c
[59/99] ChibiOS: Compiling hal_trng.c
[60/99] ChibiOS: Compiling hal_uart.c
[61/99] ChibiOS: Compiling hal_usb.c
[62/99] ChibiOS: Compiling hal_wdg.c
[63/99] ChibiOS: Compiling hal_wspi.c
[64/99] ChibiOS: Compiling chfactory.c
[65/99] ChibiOS: Compiling chmboxes.c
[66/99] ChibiOS: Compiling chmemcore.c
[67/99] ChibiOS: Compiling chmemheaps.c
[68/99] ChibiOS: Compiling chmempools.c
[69/99] ChibiOS: Compiling chpipes.c
[70/99] ChibiOS: Compiling chcond.c
[71/99] ChibiOS: Compiling chdebug.c
[72/99] ChibiOS: Compiling chdynamic.c
[73/99] ChibiOS: Compiling chevents.c
[74/99] ChibiOS: Compiling chmsg.c
[75/99] ChibiOS: Compiling chmtx.c
[76/99] ChibiOS: Compiling chregistry.c
[77/99] ChibiOS: Compiling chschd.c
[78/99] ChibiOS: Compiling chsem.c
[79/99] ChibiOS: Compiling chstats.c
[80/99] ChibiOS: Compiling chsys.c
[81/99] ChibiOS: Compiling chthreads.c
[82/99] ChibiOS: Compiling chtm.c
[83/99] ChibiOS: Compiling chtrace.c
[84/99] ChibiOS: Compiling chvt.c
[85/99] ChibiOS: Compiling fatfs_diskio.c
[86/99] ChibiOS: Compiling fatfs_syscall.c
[87/99] ChibiOS: Compiling stubs.c
[88/99] ChibiOS: Compiling board.c
[89/99] ChibiOS: Compiling usbcfg.c
[90/99] ChibiOS: Compiling usbcfg_dualcdc.c
[91/99] ChibiOS: Compiling usbcfg_common.c
[92/99] ChibiOS: Compiling flash.c
[93/99] ChibiOS: Compiling malloc.c
[94/99] ChibiOS: Compiling hrt.c
[95/99] ChibiOS: Compiling stm32_util.c
[96/99] ChibiOS: Compiling bouncebuffer.c
[97/99] ChibiOS: Compiling watchdog.c
[98/99] ChibiOS: Compiling ch.cpp
[99/99] ChibiOS: Compiling syscalls_cpp.cpp

ChibiOS: Done!

[ 11/764] Compiling libraries/AC_AttitudeControl/ControlMonitor.cpp
[ 12/764] Compiling libraries/AC_AttitudeControl/AC_AttitudeControl_Sub.cpp
[ 13/764] Compiling libraries/AC_AttitudeControl/AC_AttitudeControl_Heli.cpp
[ 14/764] Compiling libraries/AC_AttitudeControl/AC_AttitudeControl_Multi.cpp
[ 15/764] Compiling libraries/AC_AttitudeControl/AC_PosControl_Sub.cpp
[ 16/764] Compiling libraries/AC_AttitudeControl/AC_AttitudeControl_TS.cpp
[ 17/764] Compiling libraries/AC_AutoTune/AC_AutoTune.cpp
[ 18/764] Compiling libraries/AC_Autorotation/AC_Autorotation.cpp
[ 19/764] Compiling libraries/AC_Avoidance/AP_OADijkstra.cpp
[ 20/764] Compiling libraries/AC_Avoidance/AP_OAPathPlanner.cpp
[ 21/764] Compiling libraries/AC_Avoidance/AP_OAVisGraph.cpp
[ 22/764] Compiling libraries/AC_Fence/AC_PolyFence_loader.cpp
[ 23/764] Compiling libraries/AC_InputManager/AC_InputManager.cpp
[ 24/764] Compiling libraries/AC_InputManager/AC_InputManager_Heli.cpp
[ 25/764] Compiling libraries/AC_PID/AC_PI.cpp
[ 26/764] Compiling libraries/AC_PID/AC_PID.cpp
[ 27/764] Compiling libraries/AC_PID/AC_PID_2D.cpp
[ 28/764] Compiling libraries/AC_PID/AC_PI_2D.cpp
[ 29/764] Compiling libraries/AC_PID/AC_HELI_PID.cpp
[ 30/764] Compiling libraries/AC_PID/AC_P.cpp
[ 31/764] Compiling libraries/AC_PrecLand/AC_PrecLand_SITL_Gazebo.cpp
[ 32/764] Compiling libraries/AC_PrecLand/AC_PrecLand_Companion.cpp
[ 33/764] Compiling libraries/AC_PrecLand/AC_PrecLand_IRLock.cpp
[ 34/764] Compiling libraries/AC_PrecLand/PosVelEKF.cpp
[ 35/764] Compiling libraries/AC_PrecLand/AC_PrecLand_SITL.cpp
[ 36/764] Compiling libraries/AC_PrecLand/AC_PrecLand.cpp
[ 37/764] Compiling libraries/AC_Sprayer/AC_Sprayer.cpp
[ 38/764] Compiling libraries/AC_WPNav/AC_Loiter.cpp
[ 39/764] Compiling libraries/AC_WPNav/AC_Circle.cpp
[ 40/764] Compiling libraries/AC_WPNav/AC_WPNav.cpp
[ 41/764] Compiling libraries/AC_WPNav/AC_WPNav_OA.cpp
[ 42/764] Compiling libraries/AP_ADC/AP_ADC_ADS1115.cpp
[ 43/764] Compiling libraries/AP_ADSB/AP_ADSB_uAvionix_MAVLink.cpp
[ 44/764] Compiling libraries/AP_ADSB/AP_ADSB_Sagetech.cpp
[ 45/764] Compiling libraries/AP_ADSB/AP_ADSB_Backend.cpp
[ 46/764] Compiling libraries/AP_AHRS/AP_AHRS_View.cpp
[ 47/764] Compiling libraries/AP_AHRS/AP_AHRS_Logging.cpp
[ 48/764] Compiling libraries/AP_AHRS/AP_AHRS_DCM.cpp
[ 49/764] Compiling libraries/AP_AccelCal/AccelCalibrator.cpp
[ 50/764] Compiling libraries/AP_AccelCal/AP_AccelCal.cpp
[ 51/764] Compiling libraries/AP_AdvancedFailsafe/AP_AdvancedFailsafe.cpp
[ 52/764] Compiling libraries/AP_Airspeed/AP_Airspeed_MS5525.cpp
[ 53/764] Compiling libraries/AP_Airspeed/AP_Airspeed_Backend.cpp
[ 54/764] Compiling libraries/AP_Airspeed/AP_Airspeed_MSP.cpp
[ 55/764] Compiling libraries/AP_Airspeed/AP_Airspeed_analog.cpp
[ 56/764] Compiling libraries/AP_Airspeed/AP_Airspeed_UAVCAN.cpp
[ 57/764] Compiling libraries/AP_Airspeed/AP_Airspeed_Health.cpp
[ 58/764] Compiling libraries/AP_Airspeed/AP_Airspeed_DLVR.cpp
[ 59/764] Compiling libraries/AP_Airspeed/Airspeed_Calibration.cpp
[ 60/764] Compiling libraries/AP_Airspeed/AP_Airspeed_MS4525.cpp
[ 61/764] Compiling libraries/AP_Airspeed/AP_Airspeed_SDP3X.cpp
[ 62/764] Compiling libraries/AP_Baro/AP_Baro_KellerLD.cpp
[ 63/764] Compiling libraries/AP_Baro/AP_Baro_Dummy.cpp
[ 64/764] Compiling libraries/AP_Baro/AP_Baro_DPS280.cpp
[ 65/764] Compiling libraries/AP_Baro/AP_Baro_MSP.cpp
[ 66/764] Compiling libraries/AP_Baro/AP_Baro_SPL06.cpp
[ 67/764] Compiling libraries/AP_Baro/AP_Baro_FBM320.cpp
[ 68/764] Compiling libraries/AP_Baro/AP_Baro_LPS2XH.cpp
[ 69/764] Compiling libraries/AP_Baro/AP_Baro_Backend.cpp
[ 70/764] Compiling libraries/AP_Baro/AP_Baro_ExternalAHRS.cpp
[ 71/764] Compiling libraries/AP_Baro/AP_Baro_HIL.cpp
[ 72/764] Compiling libraries/AP_Baro/AP_Baro_BMP388.cpp
[ 73/764] Compiling libraries/AP_Baro/AP_Baro_Wind.cpp
[ 74/764] Compiling libraries/AP_Baro/AP_Baro_BMP280.cpp
[ 75/764] Compiling libraries/AP_Baro/AP_Baro_ICM20789.cpp
[ 76/764] Compiling libraries/AP_Baro/AP_Baro_UAVCAN.cpp
[ 77/764] Compiling libraries/AP_Baro/AP_Baro_BMP085.cpp
[ 78/764] Compiling libraries/AP_Baro/AP_Baro_MS5611.cpp
[ 79/764] Compiling libraries/AP_BattMonitor/AP_BattMonitor_UAVCAN.cpp
[ 80/764] Compiling libraries/AP_BattMonitor/AP_BattMonitor_SMBus_Solo.cpp
[ 81/764] Compiling libraries/AP_BattMonitor/AP_BattMonitor_SMBus_Generic.cpp
[ 82/764] Compiling libraries/AP_BattMonitor/AP_BattMonitor_Analog.cpp
[ 83/764] Compiling libraries/AP_BattMonitor/AP_BattMonitor_Sum.cpp
[ 84/764] Compiling libraries/AP_BattMonitor/AP_BattMonitor_Bebop.cpp
[ 85/764] Compiling libraries/AP_BattMonitor/AP_BattMonitor_SMBus_SUI.cpp
[ 86/764] Compiling libraries/AP_BattMonitor/AP_BattMonitor_SMBus_NeoDesign.cpp
[ 87/764] Compiling libraries/AP_BattMonitor/AP_BattMonitor_SMBus_Rotoye.cpp
[ 88/764] Compiling libraries/AP_BattMonitor/AP_BattMonitor_SMBus.cpp
[ 89/764] Compiling libraries/AP_BattMonitor/AP_BattMonitor_Generator.cpp
[ 90/764] Compiling libraries/AP_BattMonitor/AP_BattMonitor_BLHeliESC.cpp
[ 91/764] Compiling libraries/AP_BattMonitor/AP_BattMonitor_Logging.cpp
[ 92/764] Compiling libraries/AP_BattMonitor/AP_BattMonitor_FuelLevel_PWM.cpp
[ 93/764] Compiling libraries/AP_BattMonitor/AP_BattMonitor_Backend.cpp
[ 94/764] Compiling libraries/AP_BattMonitor/AP_BattMonitor_FuelFlow.cpp
[ 95/764] Compiling libraries/AP_Beacon/AP_Beacon_SITL.cpp
[ 96/764] Compiling libraries/AP_Beacon/AP_Beacon_Marvelmind.cpp
[ 97/764] Compiling libraries/AP_Beacon/AP_Beacon_Pozyx.cpp
[ 98/764] Compiling libraries/AP_Beacon/AP_Beacon_Nooploop.cpp
[ 99/764] Compiling libraries/AP_Beacon/AP_Beacon_Backend.cpp
[100/764] Compiling libraries/AP_Beacon/AP_Beacon.cpp
[101/764] Compiling libraries/AP_BoardConfig/board_drivers.cpp
[102/764] Compiling libraries/AP_BoardConfig/IMU_heater.cpp
[103/764] Compiling libraries/AP_Button/AP_Button.cpp
[104/764] Compiling libraries/AP_CANManager/AP_CANTester_KDECAN.cpp
[105/764] Compiling libraries/AP_CANManager/AP_SLCANIface.cpp
[106/764] Compiling libraries/AP_CANManager/AP_CANTester.cpp
[107/764] Compiling libraries/AP_CANManager/AP_CANIfaceParams.cpp
[108/764] Compiling libraries/AP_CANManager/AP_CANSensor.cpp
[109/764] Compiling libraries/AP_Camera/AP_Camera_SoloGimbal.cpp
[110/764] Compiling libraries/AP_Camera/AP_Camera.cpp
[111/764] Compiling libraries/AP_Camera/AP_RunCam.cpp
[112/764] Compiling libraries/AP_Common/c++.cpp
[113/764] Compiling libraries/AP_Common/AP_ExpandingArray.cpp
[114/764] Compiling libraries/AP_Common/ExpandingString.cpp
[115/764] Compiling libraries/AP_Common/AP_FWVersion.cpp
[116/764] Compiling libraries/AP_Common/Location.cpp
[117/764] Compiling libraries/AP_Common/AP_Common.cpp
[118/764] Compiling libraries/AP_Compass/AP_Compass_RM3100.cpp
[119/764] Compiling libraries/AP_Compass/AP_Compass_LSM303D.cpp
[120/764] Compiling libraries/AP_Compass/AP_Compass_HMC5843.cpp
[121/764] Compiling libraries/AP_Compass/AP_Compass_ExternalAHRS.cpp
[122/764] Compiling libraries/AP_Compass/AP_Compass_IST8308.cpp
[123/764] Compiling libraries/AP_Compass/AP_Compass_BMM150.cpp
[124/764] Compiling libraries/AP_Compass/AP_Compass_AK8963.cpp
[125/764] Compiling libraries/AP_Compass/AP_Compass_AK09916.cpp
[126/764] Compiling libraries/AP_Compass/Compass_learn.cpp
[127/764] Compiling libraries/AP_Compass/Compass_PerMotor.cpp
[128/764] Compiling libraries/AP_Compass/AP_Compass_Calibration.cpp
[129/764] Compiling libraries/AP_Compass/AP_Compass_MAG3110.cpp
[130/764] Compiling libraries/AP_Compass/AP_Compass_LIS3MDL.cpp
[131/764] Compiling libraries/AP_Compass/AP_Compass_LSM9DS1.cpp
[132/764] Compiling libraries/AP_Compass/AP_Compass_IST8310.cpp
[133/764] Compiling libraries/AP_Compass/AP_Compass_MSP.cpp
[134/764] Compiling libraries/AP_Compass/AP_Compass_MMC3416.cpp
[135/764] Compiling libraries/AP_Compass/AP_Compass_HIL.cpp
[136/764] Compiling libraries/AP_Compass/CompassCalibrator.cpp
[137/764] Compiling libraries/AP_Compass/AP_Compass_SITL.cpp
[138/764] Compiling libraries/AP_Compass/AP_Compass_QMC5883L.cpp
[139/764] Compiling libraries/AP_Compass/AP_Compass_UAVCAN.cpp
[140/764] Compiling libraries/AP_DAL/AP_DAL_GPS.cpp
[141/764] Compiling libraries/AP_DAL/AP_DAL_Baro.cpp
[142/764] Compiling libraries/AP_DAL/AP_DAL_InertialSensor.cpp
[143/764] Compiling libraries/AP_DAL/AP_DAL_Airspeed.cpp
[144/764] Compiling libraries/AP_DAL/AP_DAL_Compass.cpp
[145/764] Compiling libraries/AP_Declination/AP_Declination.cpp
[146/764] Compiling libraries/AP_Declination/tables.cpp
[147/764] Compiling libraries/AP_Devo_Telem/AP_Devo_Telem.cpp
[148/764] Compiling libraries/AP_EFI/AP_EFI_Serial_MS.cpp
[149/764] Compiling libraries/AP_EFI/AP_EFI_Backend.cpp
[150/764] Compiling libraries/AP_EFI/AP_EFI_NWPMU.cpp
[151/764] Compiling libraries/AP_EFI/AP_EFI.cpp
[152/764] Compiling libraries/AP_ESC_Telem/AP_ESC_Telem.cpp
[153/764] Compiling libraries/AP_ExternalAHRS/AP_ExternalAHRS.cpp
[154/764] Compiling libraries/AP_Filesystem/AP_Filesystem_backend.cpp
[155/764] Compiling libraries/AP_Filesystem/AP_Filesystem_ROMFS.cpp
[156/764] Compiling libraries/AP_Filesystem/AP_Filesystem.cpp
[157/764] Compiling libraries/AP_Filesystem/AP_Filesystem_Sys.cpp
[158/764] Compiling libraries/AP_Filesystem/AP_Filesystem_FATFS.cpp
[159/764] Compiling libraries/AP_Filesystem/AP_Filesystem_Param.cpp
[160/764] Compiling libraries/AP_Filesystem/posix_compat.cpp
[161/764] Compiling libraries/AP_FlashStorage/AP_FlashStorage.cpp
[162/764] Compiling libraries/AP_Frsky_Telem/AP_Frsky_MAVlite_MAVliteToSPort.cpp
[163/764] Compiling libraries/AP_Frsky_Telem/AP_Frsky_Telem.cpp
[164/764] Compiling libraries/AP_Frsky_Telem/AP_Frsky_MAVliteMsgHandler.cpp
[165/764] Compiling libraries/AP_Frsky_Telem/AP_Frsky_Parameters.cpp
[166/764] Compiling libraries/AP_Frsky_Telem/AP_Frsky_D.cpp
[167/764] Compiling libraries/AP_Frsky_Telem/AP_Frsky_SPort.cpp
[168/764] Compiling libraries/AP_Frsky_Telem/AP_Frsky_MAVlite_Message.cpp
[169/764] Compiling libraries/AP_Frsky_Telem/AP_Frsky_MAVlite_SPortToMAVlite.cpp
[170/764] Compiling libraries/AP_Frsky_Telem/AP_Frsky_Backend.cpp
[171/764] Compiling libraries/AP_Frsky_Telem/AP_Frsky_SPort_Passthrough.cpp
[172/764] Compiling libraries/AP_GPS/RTCM3_Parser.cpp
[173/764] Compiling libraries/AP_GPS/GPS_Backend.cpp
[174/764] Compiling libraries/AP_GPS/AP_GPS_NOVA.cpp
[175/764] Compiling libraries/AP_GPS/AP_GPS_GSOF.cpp
[176/764] Compiling libraries/AP_GPS/AP_GPS_ExternalAHRS.cpp
[177/764] Compiling libraries/AP_GPS/AP_GPS_ERB.cpp
[178/764] Compiling libraries/AP_GPS/AP_GPS.cpp
[179/764] Compiling libraries/AP_GPS/AP_GPS_UAVCAN.cpp
[180/764] Compiling libraries/AP_GPS/AP_GPS_SIRF.cpp
[181/764] Compiling libraries/AP_GPS/AP_GPS_SBF.cpp
[182/764] Compiling libraries/AP_GPS/AP_GPS_SBP.cpp
[183/764] Compiling libraries/AP_GPS/AP_GPS_MAV.cpp
[184/764] Compiling libraries/AP_GPS/MovingBase.cpp
[185/764] Compiling libraries/AP_GPS/AP_GPS_NMEA.cpp
[186/764] Compiling libraries/AP_GPS/AP_GPS_MTK.cpp
[187/764] Compiling libraries/AP_GPS/AP_GPS_UBLOX.cpp
[188/764] Compiling libraries/AP_GPS/AP_GPS_MTK19.cpp
[189/764] Compiling libraries/AP_GPS/AP_GPS_MSP.cpp
[190/764] Compiling libraries/AP_GPS/AP_GPS_SBP2.cpp
[191/764] Compiling libraries/AP_Generator/AP_Generator_RichenPower.cpp
[192/764] Compiling libraries/AP_Generator/AP_Generator_IE_650_800.cpp
[193/764] Compiling libraries/AP_Generator/AP_Generator_IE_FuelCell.cpp
[194/764] Compiling libraries/AP_Generator/AP_Generator_IE_2400.cpp
[195/764] Compiling libraries/AP_Generator/AP_Generator.cpp
[196/764] Compiling libraries/AP_Generator/AP_Generator_Backend.cpp
[197/764] Compiling libraries/AP_Gripper/AP_Gripper_Servo.cpp
[198/764] Compiling libraries/AP_Gripper/AP_Gripper_Backend.cpp
[199/764] Compiling libraries/AP_Gripper/AP_Gripper.cpp
[200/764] Compiling libraries/AP_Gripper/AP_Gripper_EPM.cpp
[201/764] Compiling libraries/AP_Hott_Telem/AP_Hott_Telem.cpp
[202/764] Compiling libraries/AP_ICEngine/AP_ICEngine.cpp
[203/764] Compiling libraries/AP_IOMCU/AP_IOMCU.cpp
[204/764] Compiling libraries/AP_IOMCU/fw_uploader.cpp
[205/764] Compiling libraries/AP_IRLock/AP_IRLock_SITL.cpp
[206/764] Compiling libraries/AP_IRLock/AP_IRLock_SITL_Gazebo.cpp
[207/764] Compiling libraries/AP_IRLock/IRLock.cpp
[208/764] Compiling libraries/AP_IRLock/AP_IRLock_I2C.cpp
[209/764] Compiling libraries/AP_InertialNav/AP_InertialNav_NavEKF.cpp
[210/764] Compiling libraries/AP_InertialSensor/AuxiliaryBus.cpp
[211/764] Compiling libraries/AP_InertialSensor/AP_InertialSensor_HIL.cpp
[212/764] Compiling libraries/AP_InertialSensor/AP_InertialSensor_BMI088.cpp
[213/764] Compiling libraries/AP_InertialSensor/AP_InertialSensor_BMI055.cpp
[214/764] Compiling libraries/AP_InertialSensor/AP_InertialSensor_ADIS1647x.cpp
[215/764] Compiling libraries/AP_InertialSensor/AP_InertialSensor_Invensensev2.cpp
[216/764] Compiling libraries/AP_InertialSensor/BatchSampler.cpp
[217/764] Compiling libraries/AP_InertialSensor/AP_InertialSensor_ExternalAHRS.cpp
[218/764] Compiling libraries/AP_InertialSensor/AP_InertialSensor_SITL.cpp
[219/764] Compiling libraries/AP_InertialSensor/AP_InertialSensor_BMI160.cpp
[220/764] Compiling libraries/AP_InertialSensor/AP_InertialSensor_RST.cpp
[221/764] Compiling libraries/AP_InertialSensor/AP_InertialSensor_Invensense.cpp
[222/764] Compiling libraries/AP_InertialSensor/AP_InertialSensor_Backend.cpp
[223/764] Compiling libraries/AP_InertialSensor/AP_InertialSensor_LSM9DS0.cpp
[224/764] Compiling libraries/AP_InertialSensor/AP_InertialSensor_LSM9DS1.cpp
[225/764] Compiling libraries/AP_InertialSensor/AP_InertialSensor_Invensensev3.cpp
[226/764] Compiling libraries/AP_InertialSensor/AP_InertialSensor_L3G4200D.cpp
[227/764] Compiling libraries/AP_InternalError/AP_InternalError.cpp
[228/764] Compiling libraries/AP_KDECAN/AP_KDECAN.cpp
[229/764] Compiling libraries/AP_LTM_Telem/AP_LTM_Telem.cpp
[230/764] Compiling libraries/AP_LandingGear/AP_LandingGear.cpp
[231/764] Compiling libraries/AP_Logger/AP_Logger_SITL.cpp
[232/764] Compiling libraries/AP_Logger/LogFile.cpp
[233/764] Compiling libraries/AP_Logger/LoggerMessageWriter.cpp
[234/764] Compiling libraries/AP_Logger/AP_Logger_MAVLinkLogTransfer.cpp
[235/764] Compiling libraries/AP_Logger/AP_Logger_Block.cpp
[236/764] Compiling libraries/AP_Logger/AP_Logger_DataFlash.cpp
[237/764] Compiling libraries/AP_Logger/AP_Logger_MAVLink.cpp
[238/764] Compiling libraries/AP_MSP/AP_MSP_Telem_Generic.cpp
[239/764] Compiling libraries/AP_MSP/AP_MSP.cpp
[240/764] Compiling libraries/AP_MSP/AP_MSP_Telem_DJI.cpp
[241/764] Compiling libraries/AP_MSP/msp_sbuf.cpp
[242/764] Compiling libraries/AP_MSP/AP_MSP_Telem_Backend.cpp
[243/764] Compiling libraries/AP_MSP/msp.cpp
[244/764] Compiling libraries/AP_Math/vector2.cpp
[245/764] Compiling libraries/AP_Math/location.cpp
[246/764] Compiling libraries/AP_Math/crc.cpp
[247/764] Compiling libraries/AP_Math/polygon.cpp
[248/764] Compiling libraries/AP_Math/vector3.cpp
[249/764] Compiling libraries/AP_Math/quaternion.cpp
[250/764] Compiling libraries/AP_Math/spline5.cpp
[251/764] Compiling libraries/AP_Math/matrixN.cpp
[252/764] Compiling libraries/AP_Math/location_double.cpp
[253/764] Compiling libraries/AP_Math/matrix_alg.cpp
[254/764] Compiling libraries/AP_Math/AP_Math.cpp
[255/764] Compiling libraries/AP_Math/matrix3.cpp
[256/764] Compiling libraries/AP_Math/AP_GeodesicGrid.cpp
[257/764] Compiling libraries/AP_Mission/AP_Mission_Commands.cpp
[258/764] Compiling libraries/AP_Module/AP_Module.cpp
[259/764] Compiling libraries/AP_Motors/AP_MotorsHeli_Single.cpp
[260/764] Compiling libraries/AP_Motors/AP_MotorsHeli_Quad.cpp
[261/764] Compiling libraries/AP_Motors/AP_Motors6DOF.cpp
[262/764] Compiling libraries/AP_Motors/AP_MotorsHeli_RSC.cpp
[263/764] Compiling libraries/AP_Motors/AP_MotorsHeli_Dual.cpp
[264/764] Compiling libraries/AP_Motors/AP_MotorsCoax.cpp
[265/764] Compiling libraries/AP_Motors/AP_MotorsHeli.cpp
[266/764] Compiling libraries/AP_Motors/AP_MotorsMulticopter.cpp
[267/764] Compiling libraries/AP_Motors/AP_MotorsTailsitter.cpp
[268/764] Compiling libraries/AP_Motors/AP_Motors_Class.cpp
[269/764] Compiling libraries/AP_Motors/AP_MotorsHeli_Swash.cpp
[270/764] Compiling libraries/AP_Motors/AP_MotorsSingle.cpp
[271/764] Compiling libraries/AP_Mount/AP_Mount_SoloGimbal.cpp
[272/764] Compiling libraries/AP_Mount/AP_Mount_SToRM32_serial.cpp
[273/764] Compiling libraries/AP_Mount/AP_Mount_Servo.cpp
[274/764] Compiling libraries/AP_Mount/AP_Mount_SToRM32.cpp
[275/764] Compiling libraries/AP_Mount/AP_Mount_Alexmos.cpp
[276/764] Compiling libraries/AP_Mount/AP_Mount_Backend.cpp
[277/764] Compiling libraries/AP_Mount/SoloGimbalEKF.cpp
[278/764] Compiling libraries/AP_Mount/SoloGimbal.cpp
[279/764] Compiling libraries/AP_Mount/SoloGimbal_Parameters.cpp
[280/764] Compiling libraries/AP_Mount/AP_Mount.cpp
[281/764] Compiling libraries/AP_NMEA_Output/AP_NMEA_Output.cpp
[282/764] Compiling libraries/AP_NavEKF/EKFGSF_yaw.cpp
[283/764] Compiling libraries/AP_NavEKF/EKF_Buffer.cpp
[284/764] Compiling libraries/AP_NavEKF/AP_NavEKF_Source.cpp
[285/764] Compiling libraries/AP_NavEKF/AP_NavEKF_core_common.cpp
[286/764] Compiling libraries/AP_NavEKF2/AP_NavEKF2_core.cpp
[287/764] Compiling libraries/AP_NavEKF2/AP_NavEKF2_Measurements.cpp
[288/764] Compiling libraries/AP_NavEKF2/AP_NavEKF2_Control.cpp
[289/764] Compiling libraries/AP_NavEKF2/AP_NavEKF2_Outputs.cpp
[290/764] Compiling libraries/AP_NavEKF2/AP_NavEKF2_VehicleStatus.cpp
[291/764] Compiling libraries/AP_NavEKF2/AP_NavEKF2_PosVelFusion.cpp
[292/764] Compiling libraries/AP_NavEKF2/AP_NavEKF_GyroBias.cpp
[293/764] Compiling libraries/AP_NavEKF2/AP_NavEKF2_RngBcnFusion.cpp
[294/764] Compiling libraries/AP_NavEKF2/AP_NavEKF2_AirDataFusion.cpp
[295/764] Compiling libraries/AP_NavEKF2/AP_NavEKF2_Logging.cpp
[296/764] Compiling libraries/AP_NavEKF2/AP_NavEKF2_MagFusion.cpp
[297/764] Compiling libraries/AP_NavEKF2/AP_NavEKF2_OptFlowFusion.cpp
[298/764] Compiling libraries/AP_NavEKF3/AP_NavEKF3_PosVelFusion.cpp
[299/764] Compiling libraries/AP_NavEKF3/AP_NavEKF3_OptFlowFusion.cpp
[300/764] Compiling libraries/AP_NavEKF3/AP_NavEKF3_GyroBias.cpp
[301/764] Compiling libraries/AP_NavEKF3/AP_NavEKF3_Outputs.cpp
[302/764] Compiling libraries/AP_NavEKF3/AP_NavEKF3_Measurements.cpp
[303/764] Compiling libraries/AP_NavEKF3/AP_NavEKF3_RngBcnFusion.cpp
[304/764] Compiling libraries/AP_NavEKF3/AP_NavEKF3_MagFusion.cpp
[305/764] Compiling libraries/AP_NavEKF3/AP_NavEKF3_VehicleStatus.cpp
[306/764] Compiling libraries/AP_NavEKF3/AP_NavEKF3_Logging.cpp
[307/764] Compiling libraries/AP_NavEKF3/AP_NavEKF3_Control.cpp
[308/764] Compiling libraries/AP_NavEKF3/AP_NavEKF3_core.cpp
[309/764] Compiling libraries/AP_NavEKF3/AP_NavEKF3_AirDataFusion.cpp
[310/764] Compiling libraries/AP_Notify/ToneAlarm.cpp
[311/764] Compiling libraries/AP_Notify/ScriptingLED.cpp
[312/764] Compiling libraries/AP_Notify/RCOutputRGBLed.cpp
[313/764] Compiling libraries/AP_Notify/MMLPlayer.cpp
[314/764] Compiling libraries/AP_Notify/Led_Sysfs.cpp
[315/764] Compiling libraries/AP_Notify/ExternalLED.cpp
[316/764] Compiling libraries/AP_Notify/OreoLED_I2C.cpp
[317/764] Compiling libraries/AP_Notify/Display_SITL.cpp
[318/764] Compiling libraries/AP_Notify/Display_SH1106_I2C.cpp
[319/764] Compiling libraries/AP_Notify/Display.cpp
[320/764] Compiling libraries/AP_Notify/DiscreteRGBLed.cpp
[321/764] Compiling libraries/AP_Notify/DiscoLED.cpp
[322/764] Compiling libraries/AP_Notify/Buzzer.cpp
[323/764] Compiling libraries/AP_Notify/AP_Notify.cpp
[324/764] Compiling libraries/AP_Notify/AP_BoardLED2.cpp
[325/764] Compiling libraries/AP_Notify/AP_BoardLED.cpp
[326/764] Compiling libraries/AP_Notify/SerialLED.cpp
[327/764] Compiling libraries/AP_Notify/Display_SSD1306_I2C.cpp
[328/764] Compiling libraries/AP_Notify/SITL_SFML_LED.cpp
[329/764] Compiling libraries/AP_Notify/ToshibaLED_I2C.cpp
[330/764] Compiling libraries/AP_Notify/RGBLed.cpp
[331/764] Compiling libraries/AP_Notify/VRBoard_LED.cpp
[332/764] Compiling libraries/AP_Notify/PCA9685LED_I2C.cpp
[333/764] Compiling libraries/AP_Notify/NCP5623.cpp
[334/764] Compiling libraries/AP_Notify/PixRacerLED.cpp
[335/764] Compiling libraries/AP_Notify/UAVCAN_RGB_LED.cpp
[336/764] Compiling libraries/AP_Notify/NeoPixel.cpp
[337/764] Compiling libraries/AP_Notify/ProfiLED.cpp
[338/764] Compiling libraries/AP_OLC/AP_OLC.cpp
[339/764] Compiling libraries/AP_OSD/AP_OSD_MSP.cpp
[340/764] Compiling libraries/AP_OSD/AP_OSD_Setting.cpp
[341/764] Compiling libraries/AP_OSD/AP_OSD_SITL.cpp
[342/764] Compiling libraries/AP_OSD/AP_OSD.cpp
[343/764] Compiling libraries/AP_OSD/AP_OSD_MAX7456.cpp
[344/764] Compiling libraries/AP_OSD/AP_OSD_Backend.cpp
[345/764] Compiling libraries/AP_OpticalFlow/OpticalFlow_backend.cpp
[346/764] Compiling libraries/AP_OpticalFlow/AP_OpticalFlow_CXOF.cpp
[347/764] Compiling libraries/AP_OpticalFlow/AP_OpticalFlow_HereFlow.cpp
[348/764] Compiling libraries/AP_OpticalFlow/AP_OpticalFlow_MSP.cpp
[349/764] Compiling libraries/AP_OpticalFlow/OpticalFlow.cpp
[350/764] Compiling libraries/AP_OpticalFlow/AP_OpticalFlow_Pixart.cpp
[351/764] Compiling libraries/AP_OpticalFlow/AP_OpticalFlow_SITL.cpp
[352/764] Compiling libraries/AP_OpticalFlow/AP_OpticalFlow_PX4Flow.cpp
[353/764] Compiling libraries/AP_OpticalFlow/AP_OpticalFlow_MAV.cpp
[354/764] Compiling libraries/AP_OpticalFlow/AP_OpticalFlow_Onboard.cpp
[355/764] Compiling libraries/AP_Parachute/AP_Parachute.cpp
[356/764] Compiling libraries/AP_Param/AP_Param.cpp
[357/764] Compiling libraries/AP_PiccoloCAN/AP_PiccoloCAN.cpp
[358/764] Compiling libraries/AP_Proximity/AP_Proximity_TeraRangerTowerEvo.cpp
[359/764] Compiling libraries/AP_Proximity/AP_Proximity_RPLidarA2.cpp
[360/764] Compiling libraries/AP_Proximity/AP_Proximity_LightWareSF40C.cpp
[361/764] Compiling libraries/AP_Proximity/AP_Proximity_RangeFinder.cpp
[362/764] Compiling libraries/AP_Proximity/AP_Proximity_AirSimSITL.cpp
[363/764] Compiling libraries/AP_Proximity/AP_Proximity.cpp
[364/764] Compiling libraries/AP_Proximity/AP_Proximity_MAV.cpp
[365/764] Compiling libraries/AP_Proximity/AP_Proximity_TeraRangerTower.cpp
[366/764] Compiling libraries/AP_Proximity/AP_Proximity_LightWareSF45B.cpp
[367/764] Compiling libraries/AP_Proximity/AP_Proximity_Backend.cpp
[368/764] Compiling libraries/AP_Proximity/AP_Proximity_LightWareSerial.cpp
[369/764] Compiling libraries/AP_Proximity/AP_Proximity_SITL.cpp
[370/764] Compiling libraries/AP_Proximity/AP_Proximity_Backend_Serial.cpp
[371/764] Compiling libraries/AP_Proximity/AP_Proximity_LightWareSF40C_v09.cpp
[372/764] Compiling libraries/AP_RAMTRON/AP_RAMTRON.cpp
[373/764] Compiling libraries/AP_RCMapper/AP_RCMapper.cpp
[374/764] Compiling libraries/AP_RCProtocol/SoftSerial.cpp
[375/764] Compiling libraries/AP_RCProtocol/AP_RCProtocol_SBUS.cpp
[376/764] Compiling libraries/AP_RCProtocol/spm_srxl.cpp
[377/764] Compiling libraries/AP_RCProtocol/AP_RCProtocol_SUMD.cpp
[378/764] Compiling libraries/AP_RCProtocol/AP_RCProtocol_SRXL.cpp
[379/764] Compiling libraries/AP_RCProtocol/AP_RCProtocol_ST24.cpp
[380/764] Compiling libraries/AP_RCProtocol/AP_RCProtocol_PPMSum.cpp
[381/764] Compiling libraries/AP_RCProtocol/AP_RCProtocol_IBUS.cpp
[382/764] Compiling libraries/AP_RCProtocol/AP_RCProtocol.cpp
[383/764] Compiling libraries/AP_RCTelemetry/AP_VideoTX.cpp
[384/764] Compiling libraries/AP_RCTelemetry/AP_Spektrum_Telem.cpp
[385/764] Compiling libraries/AP_ROMFS/AP_ROMFS.cpp
[386/764] Compiling libraries/AP_ROMFS/tinfgzip.cpp
[387/764] Compiling libraries/AP_ROMFS/tinflate.cpp
[388/764] Compiling libraries/AP_RPM/RPM_HarmonicNotch.cpp
[389/764] Compiling libraries/AP_RPM/RPM_Pin.cpp
[390/764] Compiling libraries/AP_RPM/RPM_Backend.cpp
[391/764] Compiling libraries/AP_RPM/RPM_EFI.cpp
[392/764] Compiling libraries/AP_RPM/AP_RPM.cpp
[393/764] Compiling libraries/AP_RPM/RPM_SITL.cpp
[394/764] Compiling libraries/AP_RSSI/AP_RSSI.cpp
[395/764] Compiling libraries/AP_RTC/JitterCorrection.cpp
[396/764] Compiling libraries/AP_RTC/AP_RTC.cpp
[397/764] Compiling libraries/AP_Radio/AP_Radio_cc2500.cpp
[398/764] Compiling libraries/AP_Radio/AP_Radio_backend.cpp
[399/764] Compiling libraries/AP_Radio/AP_Radio_cypress.cpp
[400/764] Compiling libraries/AP_Radio/AP_Radio.cpp
[401/764] Compiling libraries/AP_Radio/AP_Radio_bk2425.cpp
[402/764] Compiling libraries/AP_Radio/driver_bk2425.cpp
[403/764] Compiling libraries/AP_Radio/driver_cc2500.cpp
[404/764] Compiling libraries/AP_RangeFinder/AP_RangeFinder_Wasp.cpp
[405/764] Compiling libraries/AP_RangeFinder/AP_RangeFinder_Params.cpp
[406/764] Compiling libraries/AP_RangeFinder/AP_RangeFinder_NMEA.cpp
[407/764] Compiling libraries/AP_RangeFinder/AP_RangeFinder_MSP.cpp
[408/764] Compiling libraries/AP_RangeFinder/AP_RangeFinder_LightWareI2C.cpp
[409/764] Compiling libraries/AP_RangeFinder/AP_RangeFinder_LightWareSerial.cpp
[410/764] Compiling libraries/AP_RangeFinder/AP_RangeFinder_LeddarVu8.cpp
[411/764] Compiling libraries/AP_RangeFinder/AP_RangeFinder_HC_SR04.cpp
[412/764] Compiling libraries/AP_RangeFinder/AP_RangeFinder_GYUS42v2.cpp
[413/764] Compiling libraries/AP_RangeFinder/AP_RangeFinder_Lanbao.cpp
[414/764] Compiling libraries/AP_RangeFinder/AP_RangeFinder_Benewake.cpp
[415/764] Compiling libraries/AP_RangeFinder/AP_RangeFinder_Backend_Serial.cpp
[416/764] Compiling libraries/AP_RangeFinder/AP_RangeFinder_BLPing.cpp
[417/764] Compiling libraries/AP_RangeFinder/AP_RangeFinder_BBB_PRU.cpp
[418/764] Compiling libraries/AP_RangeFinder/AP_RangeFinder_Backend.cpp
[419/764] Compiling libraries/AP_RangeFinder/AP_RangeFinder_LeddarOne.cpp
[420/764] Compiling libraries/AP_RangeFinder/AP_RangeFinder_Benewake_TFMiniPlus.cpp
[421/764] Compiling libraries/AP_RangeFinder/AP_RangeFinder_MAVLink.cpp
[422/764] Compiling libraries/AP_RangeFinder/AP_RangeFinder_Bebop.cpp
[423/764] Compiling libraries/AP_RangeFinder/AP_RangeFinder_PulsedLightLRF.cpp
[424/764] Compiling libraries/AP_RangeFinder/AP_RangeFinder_uLanding.cpp
[425/764] Compiling libraries/AP_RangeFinder/AP_RangeFinder_PWM.cpp
[426/764] Compiling libraries/AP_RangeFinder/AP_RangeFinder_analog.cpp
[427/764] Compiling libraries/AP_RangeFinder/AP_RangeFinder_USD1_CAN.cpp
[428/764] Compiling libraries/AP_RangeFinder/AP_RangeFinder_TeraRangerI2C.cpp
[429/764] Compiling libraries/AP_RangeFinder/AP_RangeFinder_MaxsonarSerialLV.cpp
[430/764] Compiling libraries/AP_RangeFinder/AP_RangeFinder_UAVCAN.cpp
[431/764] Compiling libraries/AP_RangeFinder/AP_RangeFinder_SITL.cpp
[432/764] Compiling libraries/AP_RangeFinder/AP_RangeFinder_VL53L1X.cpp
[433/764] Compiling libraries/AP_RangeFinder/AP_RangeFinder_MaxsonarI2CXL.cpp
[434/764] Compiling libraries/AP_RangeFinder/AP_RangeFinder_VL53L0X.cpp
[435/764] Compiling libraries/AP_Relay/AP_Relay.cpp
[436/764] Compiling libraries/AP_RobotisServo/AP_RobotisServo.cpp
[437/764] Compiling libraries/AP_SBusOut/AP_SBusOut.cpp
[438/764] Compiling libraries/AP_Scheduler/PerfInfo.cpp
[439/764] Compiling libraries/AP_SerialLED/AP_SerialLED.cpp
[440/764] Compiling libraries/AP_SerialManager/AP_SerialManager.cpp
[441/764] Compiling libraries/AP_ServoRelayEvents/AP_ServoRelayEvents.cpp
[442/764] Compiling libraries/AP_SmartRTL/AP_SmartRTL.cpp
[443/764] Compiling libraries/AP_Stats/AP_Stats.cpp
[444/764] Compiling libraries/AP_TempCalibration/AP_TempCalibration.cpp
[445/764] Compiling libraries/AP_Terrain/TerrainUtil.cpp
[446/764] Compiling libraries/AP_Terrain/TerrainGCS.cpp
[447/764] Compiling libraries/AP_Terrain/TerrainMission.cpp
[448/764] Compiling libraries/AP_Terrain/TerrainIO.cpp
[449/764] Compiling libraries/AP_Terrain/AP_Terrain.cpp
[450/764] Compiling libraries/AP_ToshibaCAN/AP_ToshibaCAN.cpp
[451/764] Compiling libraries/AP_Tuning/AP_Tuning.cpp
[452/764] Compiling libraries/AP_UAVCAN/AP_UAVCAN_DNA_Server.cpp
[453/764] Compiling libraries/AP_UAVCAN/AP_UAVCAN.cpp
[454/764] Compiling libraries/AP_UAVCAN/AP_UAVCAN_IfaceMgr.cpp
[455/764] Compiling libraries/AP_VisualOdom/AP_VisualOdom_MAV.cpp
[456/764] Compiling libraries/AP_VisualOdom/AP_VisualOdom_IntelT265.cpp
[457/764] Compiling libraries/AP_VisualOdom/AP_VisualOdom.cpp
[458/764] Compiling libraries/AP_VisualOdom/AP_VisualOdom_Backend.cpp
[459/764] Compiling libraries/AP_Volz_Protocol/AP_Volz_Protocol.cpp
[460/764] Compiling libraries/AP_WheelEncoder/WheelEncoder_SITL_Quadrature.cpp
[461/764] Compiling libraries/AP_WheelEncoder/AP_WheelEncoder.cpp
[462/764] Compiling libraries/AP_WheelEncoder/AP_WheelRateControl.cpp
[463/764] Compiling libraries/AP_WheelEncoder/WheelEncoder_Quadrature.cpp
[464/764] Compiling libraries/AP_WheelEncoder/WheelEncoder_Backend.cpp
[465/764] Compiling libraries/AP_Winch/AP_Winch_PWM.cpp
[466/764] Compiling libraries/AP_Winch/AP_Winch_Daiwa.cpp
[467/764] Compiling libraries/AP_Winch/AP_Winch.cpp
[468/764] Compiling libraries/AP_Winch/AP_Winch_Backend.cpp
[469/764] Compiling libraries/Filter/NotchFilter.cpp
[470/764] Compiling libraries/Filter/LowPassFilter2p.cpp
[471/764] Compiling libraries/Filter/SlewLimiter.cpp
[472/764] Compiling libraries/Filter/DerivativeFilter.cpp
[473/764] Compiling libraries/Filter/HarmonicNotchFilter.cpp
[474/764] Compiling libraries/Filter/LowPassFilter.cpp
[475/764] Compiling libraries/GCS_MAVLink/GCS_MAVLink.cpp
[476/764] Compiling libraries/GCS_MAVLink/GCS_DeviceOp.cpp
[477/764] Compiling libraries/GCS_MAVLink/GCS.cpp
[478/764] Compiling libraries/GCS_MAVLink/MAVLink_routing.cpp
[479/764] Compiling libraries/GCS_MAVLink/GCS_Signing.cpp
[480/764] Compiling libraries/GCS_MAVLink/GCS_Param.cpp
[481/764] Compiling libraries/GCS_MAVLink/GCS_Rally.cpp
[482/764] Compiling libraries/GCS_MAVLink/MissionItemProtocol.cpp
[483/764] Compiling libraries/GCS_MAVLink/MissionItemProtocol_Waypoints.cpp
[484/764] Compiling libraries/GCS_MAVLink/GCS_FTP.cpp
[485/764] Compiling libraries/GCS_MAVLink/GCS_Fence.cpp
[486/764] Compiling libraries/GCS_MAVLink/GCS_serial_control.cpp
[487/764] Compiling libraries/GCS_MAVLink/MissionItemProtocol_Fence.cpp
[488/764] Compiling libraries/GCS_MAVLink/GCS_ServoRelay.cpp
[489/764] Compiling libraries/GCS_MAVLink/MissionItemProtocol_Rally.cpp
[490/764] Compiling libraries/RC_Channel/RC_Channels.cpp
[491/764] Compiling libraries/RC_Channel/RC_Channel.cpp
[492/764] Compiling libraries/SRV_Channel/SRV_Channel_aux.cpp
[493/764] Compiling libraries/SRV_Channel/SRV_Channel.cpp
[494/764] Compiling libraries/AP_HAL/utility/RCOutput_Tap_Linux.cpp
[495/764] Compiling libraries/AP_HAL/utility/RCOutput_Tap.cpp
[496/764] Compiling libraries/AP_HAL/Util.cpp
[497/764] Compiling libraries/AP_HAL/Storage.cpp
[498/764] Compiling libraries/AP_HAL/Scheduler.cpp
[499/764] Compiling libraries/AP_HAL/utility/Socket.cpp
[500/764] Compiling libraries/AP_HAL/HAL.cpp
[501/764] Compiling libraries/AP_HAL/RCOutput.cpp
[502/764] Compiling libraries/AP_HAL/Device.cpp
[503/764] Compiling libraries/AP_HAL/DSP.cpp
[504/764] Compiling libraries/AP_HAL/EventHandle.cpp
[505/764] Compiling libraries/AP_HAL/utility/BetterStream.cpp
[506/764] Compiling libraries/AP_HAL/GPIO.cpp
[507/764] Compiling libraries/AP_HAL/CANIface.cpp
[508/764] Compiling libraries/AP_HAL/Semaphores.cpp
[509/764] Compiling libraries/AP_HAL/utility/srxl.cpp
[510/764] Compiling libraries/AP_HAL/utility/replace.cpp
[511/764] Compiling libraries/AP_HAL/system.cpp
[512/764] Compiling libraries/AP_HAL/utility/utoa_invert.cpp
[513/764] Compiling libraries/AP_HAL/utility/print_vprintf.cpp
[514/764] Compiling libraries/AP_HAL/utility/getopt_cpp.cpp
[515/764] Compiling libraries/AP_HAL/utility/RingBuffer.cpp
[516/764] Compiling libraries/AP_HAL/utility/packetise.cpp
[517/764] Compiling libraries/AP_HAL/utility/ftoa_engine.cpp
[518/764] Compiling libraries/AP_HAL/utility/dsm.cpp
[519/764] Compiling libraries/AP_HAL/utility/sumd.cpp
[520/764] Compiling libraries/AP_HAL/utility/st24.cpp
[521/764] Compiling libraries/AP_HAL_Empty/RCInput.cpp
[522/764] Compiling libraries/AP_HAL_Empty/Scheduler.cpp
[523/764] Compiling libraries/AP_HAL_Empty/Storage.cpp
[524/764] Compiling libraries/AP_HAL_Empty/HAL_Empty_Class.cpp
[525/764] Compiling libraries/AP_HAL_Empty/AnalogIn.cpp
[526/764] Compiling libraries/AP_HAL_Empty/UARTDriver.cpp
[527/764] Compiling libraries/AP_HAL_Empty/GPIO.cpp
[528/764] Compiling libraries/AP_HAL_Empty/Semaphores.cpp
[529/764] Compiling libraries/AP_HAL_Empty/RCOutput.cpp
[530/764] Compiling libraries/AP_HAL_ChibiOS/SoftSigReader.cpp
[531/764] Compiling libraries/AP_HAL_ChibiOS/Device.cpp
[532/764] Compiling libraries/AP_HAL_ChibiOS/RCOutput.cpp
[533/764] Compiling libraries/AP_HAL_ChibiOS/Util.cpp
[534/764] Compiling libraries/AP_HAL_ChibiOS/SoftSigReaderInt.cpp
[535/764] Compiling libraries/AP_HAL_ChibiOS/Semaphores.cpp
[536/764] Compiling libraries/AP_HAL_ChibiOS/SPIDevice.cpp
[537/764] Compiling libraries/AP_HAL_ChibiOS/I2CDevice.cpp
[538/764] Compiling libraries/AP_HAL_ChibiOS/EventSource.cpp
[539/764] Compiling libraries/AP_HAL_ChibiOS/DSP.cpp
[540/764] Compiling libraries/AP_HAL_ChibiOS/RCOutput_bdshot.cpp
[541/764] Compiling libraries/AP_HAL_ChibiOS/CanIface.cpp
[542/764] Compiling libraries/AP_HAL_ChibiOS/AnalogIn.cpp
[543/764] Compiling libraries/AP_HAL_ChibiOS/RCInput.cpp
[544/764] Compiling libraries/AP_HAL_ChibiOS/CANFDIface.cpp
[545/764] Compiling libraries/AP_HAL_ChibiOS/system.cpp
[546/764] Compiling libraries/AP_HAL_ChibiOS/shared_dma.cpp
[547/764] Compiling libraries/AP_HAL_ChibiOS/GPIO.cpp
[548/764] Compiling libraries/AP_HAL_ChibiOS/Scheduler.cpp
[549/764] Compiling libraries/AP_HAL_ChibiOS/sdcard.cpp
[550/764] Compiling libraries/AP_HAL_ChibiOS/UARTDriver.cpp
[551/764] Compiling libraries/AP_HAL_ChibiOS/stdio.cpp
[552/764] Compiling libraries/AP_Scripting/AP_Scripting.cpp
[553/764] Compiling libraries/AP_Scripting/lua_bindings.cpp
[554/764] Compiling libraries/AP_Scripting/AP_Scripting_helpers.cpp
[555/764] Compiling libraries/AP_Scripting/lua_boxed_numerics.cpp
[556/764] Compiling libraries/AP_Scripting/lua_repl.cpp
[557/764] Compiling libraries/AP_Scripting/lua_scripts.cpp
[558/764] Compiling build/Durandal/libraries/AP_Scripting/lua_generated_bindings.cpp
[559/764] Compiling libraries/AP_Scripting/lua/src/llex.c
[560/764] Compiling libraries/AP_Scripting/lua/src/lobject.c
[561/764] Compiling libraries/AP_Scripting/lua/src/ldo.c
[562/764] Compiling libraries/AP_Scripting/lua/src/lundump.c
[563/764] Compiling libraries/AP_Scripting/lua/src/lcorolib.c
[564/764] Compiling libraries/AP_Scripting/lua/src/lvm.c
[565/764] Compiling libraries/AP_Scripting/lua/src/ltm.c
[566/764] Compiling libraries/AP_Scripting/lua/src/lcode.c
[567/764] Compiling libraries/AP_Scripting/lua/src/lua.c
[568/764] Compiling libraries/AP_Scripting/lua/src/ltablib.c
[569/764] Compiling libraries/AP_Scripting/lua/src/lgc.c
[570/764] Compiling libraries/AP_Scripting/lua/src/lzio.c
[571/764] Compiling libraries/AP_Scripting/lua/src/lutf8lib.c
[572/764] Compiling libraries/AP_Scripting/lua/src/luac.c
[573/764] Compiling libraries/AP_Scripting/lua/src/ltable.c
[574/764] Compiling libraries/AP_Scripting/lua/src/lstring.c
[575/764] Compiling libraries/AP_Scripting/lua/src/lparser.c
[576/764] Compiling libraries/AP_Scripting/lua/src/loadlib.c
[577/764] Compiling libraries/AP_Scripting/lua/src/liolib.c
[578/764] Compiling libraries/AP_Scripting/lua/src/ldump.c
[579/764] Compiling libraries/AP_Scripting/lua/src/ldebug.c
[580/764] Compiling libraries/AP_Scripting/lua/src/lctype.c
[581/764] Compiling libraries/AP_Scripting/lua/src/lbaselib.c
[582/764] Compiling libraries/AP_Scripting/lua/src/lstate.c
[583/764] Compiling libraries/AP_Scripting/lua/src/linit.c
[584/764] Compiling libraries/AP_Scripting/lua/src/loslib.c
[585/764] Compiling libraries/AP_Scripting/lua/src/lmem.c
[586/764] Compiling libraries/AP_Scripting/lua/src/lapi.c
[587/764] Compiling libraries/AP_Scripting/lua/src/lstrlib.c
[588/764] Compiling libraries/AP_Scripting/lua/src/ldblib.c
[589/764] Compiling libraries/AP_Scripting/lua/src/lfunc.c
[590/764] Compiling libraries/AP_Scripting/lua/src/lauxlib.c
[591/764] Compiling libraries/AP_Scripting/lua/src/lmathlib.c
[592/764] Compiling libraries/AP_Scripting/lua/src/lopcodes.c
[593/764] Compiling libraries/AP_Scripting/lua/src/lbitlib.c
[594/764] Compiling modules/uavcan/libuavcan/src/uc_error.cpp
[595/764] Compiling modules/uavcan/libuavcan/src/transport/uc_can_acceptance_filter_configurator.cpp
[596/764] Compiling modules/uavcan/libuavcan/src/marshal/uc_bit_array_copy.cpp
[597/764] Compiling modules/uavcan/libuavcan/src/transport/uc_frame.cpp
[598/764] Compiling modules/uavcan/libuavcan/src/transport/uc_outgoing_transfer_registry.cpp
[599/764] Compiling modules/uavcan/libuavcan/src/node/uc_timer.cpp
[600/764] Compiling modules/uavcan/libuavcan/src/protocol/uc_node_status_provider.cpp
[601/764] Compiling modules/uavcan/libuavcan/src/transport/uc_transfer_sender.cpp
[602/764] Compiling modules/uavcan/libuavcan/src/transport/uc_transfer_listener.cpp
[603/764] Compiling modules/uavcan/libuavcan/src/transport/uc_transfer.cpp
[604/764] Compiling modules/uavcan/libuavcan/src/transport/uc_crc.cpp
[605/764] Compiling modules/uavcan/libuavcan/src/transport/uc_can_io.cpp
[606/764] Compiling modules/uavcan/libuavcan/src/protocol/uc_dynamic_node_id_client.cpp
[607/764] Compiling modules/uavcan/libuavcan/src/node/uc_global_data_type_registry.cpp
[608/764] Compiling modules/uavcan/libuavcan/src/marshal/uc_float_spec.cpp
[609/764] Compiling modules/uavcan/libuavcan/src/node/uc_generic_subscriber.cpp
[610/764] Compiling modules/uavcan/libuavcan/src/node/uc_generic_publisher.cpp
[611/764] Compiling modules/uavcan/libuavcan/src/node/uc_scheduler.cpp
[612/764] Compiling modules/uavcan/libuavcan/src/node/uc_service_client.cpp
[613/764] Compiling modules/uavcan/libuavcan/src/transport/uc_dispatcher.cpp
[614/764] Compiling modules/uavcan/libuavcan/src/uc_dynamic_memory.cpp
[615/764] Compiling modules/uavcan/libuavcan/src/transport/uc_transfer_buffer.cpp
[616/764] Compiling modules/uavcan/libuavcan/src/marshal/uc_scalar_codec.cpp
[617/764] Compiling modules/uavcan/libuavcan/src/marshal/uc_bit_stream.cpp
[618/764] Compiling modules/uavcan/libuavcan/src/transport/uc_transfer_receiver.cpp
[619/764] Compiling modules/uavcan/libuavcan/src/uc_data_type.cpp
[620/764] Compiling modules/uavcan/libuavcan/src/driver/uc_can.cpp
[621/764] Compiling libraries/AP_PiccoloCAN/piccolo_protocol/fieldencode.c
[622/764] Compiling libraries/AP_PiccoloCAN/piccolo_protocol/ESCVelocityProtocol.c
[623/764] Compiling libraries/AP_PiccoloCAN/piccolo_protocol/ESCDefines.c
[624/764] Compiling libraries/AP_PiccoloCAN/piccolo_protocol/ESCPackets.c
[625/764] Compiling libraries/AP_PiccoloCAN/piccolo_protocol/scaledencode.c
[626/764] Compiling libraries/AP_PiccoloCAN/piccolo_protocol/LegacyESCPackets.c
[627/764] Compiling libraries/AP_PiccoloCAN/piccolo_protocol/fielddecode.c
[628/764] Compiling libraries/AP_PiccoloCAN/piccolo_protocol/scaleddecode.c
[629/764] Compiling libraries/AP_PiccoloCAN/piccolo_protocol/LegacyESCDefines.c
[630/764] Compiling libraries/AP_PiccoloCAN/piccolo_protocol/ESCCommands.c
[631/764] Compiling libraries/AP_AHRS/AP_AHRS.cpp
[632/764] Compiling libraries/AP_AHRS/AP_AHRS_NavEKF.cpp
[633/764] Compiling libraries/AP_Airspeed/AP_Airspeed_NMEA.cpp
[634/764] Compiling libraries/AP_Airspeed/AP_Airspeed.cpp
[635/764] Compiling libraries/AP_Baro/AP_Baro.cpp
[636/764] Compiling libraries/AP_Baro/AP_Baro_SITL.cpp
[637/764] Compiling libraries/AP_BattMonitor/AP_BattMonitor_Params.cpp
[638/764] Compiling libraries/AP_BattMonitor/AP_BattMonitor.cpp
[639/764] Compiling libraries/AP_BoardConfig/AP_BoardConfig.cpp
[640/764] Compiling libraries/AP_CANManager/AP_CANManager.cpp
[641/764] Compiling libraries/AP_CANManager/AP_CANDriver.cpp
[642/764] Compiling libraries/AP_Compass/AP_Compass.cpp
[643/764] Compiling libraries/AP_Compass/AP_Compass_Backend.cpp
[644/764] Compiling libraries/AP_InertialSensor/AP_InertialSensor.cpp
[645/764] Compiling libraries/AP_Mission/AP_Mission.cpp
[646/764] Compiling libraries/AP_DAL/AP_DAL_VisualOdom.cpp
[647/764] Compiling libraries/AP_DAL/AP_DAL.cpp
[648/764] Compiling libraries/AP_DAL/AP_DAL_RangeFinder.cpp
[649/764] Compiling libraries/AP_DAL/AP_DAL_Beacon.cpp
[650/764] Compiling libraries/AP_NavEKF2/AP_NavEKF2.cpp
[651/764] Compiling libraries/AP_NavEKF3/AP_NavEKF3.cpp
[652/764] Compiling libraries/AP_Rally/AP_Rally.cpp
[653/764] Compiling libraries/AP_RangeFinder/AP_RangeFinder.cpp
[654/764] Compiling libraries/AP_Scheduler/AP_Scheduler.cpp
[655/764] Compiling libraries/AP_Vehicle/AP_Vehicle.cpp
[656/764] Compiling libraries/AP_Logger/AP_Logger_Backend.cpp
[657/764] Compiling libraries/AP_Logger/AP_Logger.cpp
[658/764] Compiling libraries/AP_Logger/AP_Logger_File.cpp
[659/764] Compiling libraries/GCS_MAVLink/GCS_Dummy.cpp
[660/764] Compiling libraries/GCS_MAVLink/GCS_Common.cpp
[661/764] Compiling libraries/SRV_Channel/SRV_Channels.cpp
[662/764] Compiling libraries/StorageManager/StorageManager.cpp
[663/764] Compiling libraries/AP_RCProtocol/AP_RCProtocol_FPort.cpp
[664/764] Compiling libraries/AP_RCProtocol/AP_RCProtocol_DSM.cpp
[665/764] Compiling libraries/AP_RCProtocol/AP_RCProtocol_FPort2.cpp
[666/764] Compiling libraries/AP_RCProtocol/AP_RCProtocol_SRXL2.cpp
[667/764] Compiling libraries/AP_RCProtocol/AP_RCProtocol_CRSF.cpp
[668/764] Compiling libraries/AP_RCProtocol/AP_RCProtocol_Backend.cpp
[669/764] Compiling libraries/AP_BLHeli/AP_BLHeli.cpp
[670/764] Compiling libraries/AC_Fence/AC_Fence.cpp
[671/764] Compiling libraries/AC_Avoidance/AP_OABendyRuler.cpp
[672/764] Compiling libraries/AC_Avoidance/AC_Avoid.cpp
[673/764] Compiling libraries/AC_Avoidance/AP_OADatabase.cpp
[674/764] Compiling libraries/AP_Filesystem/AP_Filesystem_posix.cpp
[675/764] Compiling libraries/AP_ADSB/AP_ADSB.cpp
[676/764] Compiling libraries/AP_GyroFFT/AP_GyroFFT.cpp
[677/764] Compiling libraries/AP_RCTelemetry/AP_CRSF_Telem.cpp
[678/764] Compiling libraries/AP_RCTelemetry/AP_RCTelemetry.cpp
[679/764] Compiling libraries/AC_AttitudeControl/AC_AttitudeControl.cpp
[680/764] Compiling libraries/AC_AttitudeControl/AC_PosControl.cpp
[681/764] Compiling libraries/AP_Motors/AP_MotorsTri.cpp
[682/764] Compiling libraries/AP_Motors/AP_MotorsMatrix.cpp
[683/764] Compiling libraries/AP_Avoidance/AP_Avoidance.cpp
[684/764] Compiling libraries/AP_Arming/AP_Arming.cpp
[685/764] Compiling libraries/AP_Follow/AP_Follow.cpp
[686/764] Compiling libraries/AP_OSD/AP_OSD_ParamScreen.cpp
[687/764] Compiling libraries/AP_OSD/AP_OSD_ParamSetting.cpp
[688/764] Compiling libraries/AP_OSD/AP_OSD_Screen.cpp
[689/764] Compiling libraries/AP_HAL_ChibiOS/HAL_ChibiOS_Class.cpp
[690/764] Compiling libraries/AP_HAL_ChibiOS/Storage.cpp
[691/764] Compiling ArduCopter/ekf_check.cpp
[692/764] Compiling ArduCopter/inertia.cpp
[693/764] Compiling ArduCopter/motors.cpp
[694/764] Compiling ArduCopter/mode_autorotate.cpp
[695/764] Compiling ArduCopter/mode_flowhold.cpp
[696/764] Linking build/Durandal/lib/libArduCopter_libs.a
[697/764] Compiling ArduCopter/mode_throw.cpp
[698/764] Compiling ArduCopter/RC_Channel.cpp
[699/764] Compiling ArduCopter/mode_systemid.cpp
[700/764] Compiling ArduCopter/mode_flip.cpp
[701/764] Compiling ArduCopter/mode_drift.cpp
[702/764] Compiling ArduCopter/mode_land.cpp
[703/764] Compiling ArduCopter/AP_State.cpp
[704/764] Compiling ArduCopter/terrain.cpp
[705/764] Compiling ArduCopter/mode_stabilize.cpp
[706/764] Compiling ArduCopter/landing_gear.cpp
[707/764] Compiling ArduCopter/esc_calibration.cpp
[708/764] Compiling ArduCopter/Copter.cpp
[709/764] Compiling ArduCopter/Parameters.cpp
[710/764] Compiling ArduCopter/afs_copter.cpp
[711/764] Compiling ArduCopter/leds.cpp
[712/764] Compiling ArduCopter/crash_check.cpp
[713/764] Compiling ArduCopter/sensors.cpp
[714/764] Compiling ArduCopter/takeoff.cpp
[715/764] Compiling ArduCopter/mode_auto.cpp
[716/764] Compiling ArduCopter/failsafe.cpp
[717/764] Compiling ArduCopter/fence.cpp
[718/764] Compiling ArduCopter/mode_stabilize_heli.cpp
[719/764] Compiling ArduCopter/heli.cpp
[720/764] Compiling ArduCopter/mode_acro_heli.cpp
[721/764] Compiling ArduCopter/Log.cpp
[722/764] Compiling ArduCopter/mode_avoid_adsb.cpp
[723/764] Compiling ArduCopter/system.cpp
[724/764] Compiling ArduCopter/mode_zigzag.cpp
[725/764] Compiling ArduCopter/mode_althold.cpp
[726/764] Compiling ArduCopter/mode_sport.cpp
[727/764] Compiling ArduCopter/surface_tracking.cpp
[728/764] Compiling ArduCopter/mode_poshold.cpp
[729/764] Compiling ArduCopter/AP_Arming.cpp
[730/764] Compiling ArduCopter/mode_autotune.cpp
[731/764] Compiling ArduCopter/tuning.cpp
[732/764] Compiling ArduCopter/compassmot.cpp
[733/764] Compiling ArduCopter/UserParameters.cpp
[734/764] Compiling ArduCopter/avoidance_adsb.cpp
[735/764] Compiling ArduCopter/AP_Rally.cpp
[736/764] Compiling ArduCopter/mode_guided_nogps.cpp
[737/764] Compiling ArduCopter/land_detector.cpp
[738/764] Compiling ArduCopter/radio.cpp
[739/764] Compiling ArduCopter/mode.cpp
[740/764] Compiling ArduCopter/baro_ground_effect.cpp
[741/764] Compiling ArduCopter/mode_smart_rtl.cpp
[742/764] Compiling ArduCopter/UserCode.cpp
[743/764] Compiling ArduCopter/autoyaw.cpp
[744/764] Compiling ArduCopter/standby.cpp
[745/764] Compiling ArduCopter/toy_mode.cpp
[746/764] Compiling ArduCopter/GCS_Mavlink.cpp
[747/764] Compiling ArduCopter/events.cpp
[748/764] Compiling ArduCopter/mode_brake.cpp
[749/764] Compiling ArduCopter/mode_guided.cpp
[750/764] Compiling ArduCopter/mode_loiter.cpp
[751/764] Compiling ArduCopter/navigation.cpp
[752/764] Compiling ArduCopter/mode_follow.cpp
[753/764] Compiling ArduCopter/GCS_Copter.cpp
[754/764] Compiling ArduCopter/precision_landing.cpp
[755/764] Compiling ArduCopter/commands.cpp
[756/764] Compiling ArduCopter/Attitude.cpp
[757/764] Compiling ArduCopter/mode_rtl.cpp
[758/764] Compiling ArduCopter/mode_circle.cpp
[759/764] Compiling ArduCopter/motor_test.cpp
[760/764] Compiling ArduCopter/mode_acro.cpp
[761/764] Linking build/Durandal/bin/arducopter
[762/764] Generating bin/arducopter.bin
[763/764] apj_gen build/Durandal/bin/arducopter.bin
[764/764] Generating bin/arducopter.hex
Waf: Leaving directory `/home/caesar/xxdk/ardupilot/build/Durandal'

BUILD SUMMARY
Build directory: /home/caesar/xxdk/ardupilot/build/Durandal
Target          Text     Data  BSS     Total  
----------------------------------------------
bin/arducopter  1534324  3136  128156  1665616

Build commands will be stored in build/Durandal/compile_commands.json
'copter' finished successfully (2m26.627s)
